-- The C compiler identification is GNU 11.4.0
-- The CXX compiler identification is GNU 11.4.0
-- Detecting C compiler ABI info
-- Detecting C compiler ABI info - done
-- Check for working C compiler: /usr/bin/cc - skipped
-- Detecting C compile features
-- Detecting C compile features - done
-- Detecting CXX compiler ABI info
-- Detecting CXX compiler ABI info - done
-- Check for working CXX compiler: /usr/bin/c++ - skipped
-- Detecting CXX compile features
-- Detecting CXX compile features - done
-- Found ament_cmake: 1.3.12 (/opt/ros/humble/share/ament_cmake/cmake)
-- Found Python3: /usr/bin/python3 (found version "3.10.12") found components: Interpreter 
-- Override CMake install command with custom implementation using symlinks instead of copying resources
-- Found rclcpp: 16.0.15 (/opt/ros/humble/share/rclcpp/cmake)
-- Found rosidl_generator_c: 3.1.7 (/opt/ros/humble/share/rosidl_generator_c/cmake)
-- Found rosidl_adapter: 3.1.7 (/opt/ros/humble/share/rosidl_adapter/cmake)
-- Found rosidl_generator_cpp: 3.1.7 (/opt/ros/humble/share/rosidl_generator_cpp/cmake)
-- Using all available rosidl_typesupport_c: rosidl_typesupport_fastrtps_c;rosidl_typesupport_introspection_c
-- Using all available rosidl_typesupport_cpp: rosidl_typesupport_fastrtps_cpp;rosidl_typesupport_introspection_cpp
-- Found rmw_implementation_cmake: 6.1.2 (/opt/ros/humble/share/rmw_implementation_cmake/cmake)
-- Found rmw_cyclonedds_cpp: 1.3.4 (/opt/ros/humble/share/rmw_cyclonedds_cpp/cmake)
-- Using RMW implementation 'rmw_cyclonedds_cpp' as default
-- Looking for pthread.h
-- Looking for pthread.h - found
-- Performing Test CMAKE_HAVE_LIBC_PTHREAD
-- Performing Test CMAKE_HAVE_LIBC_PTHREAD - Success
-- Found Threads: TRUE  
-- Configuring done
-- Generating done
-- Build files have been written to: /home/Shared/delicious/ada/workspace/src/ada_ros2/build/KinovaExample
[ 50%] [32mBuilding CXX object CMakeFiles/kinova_example.dir/arm_core_functions.cpp.o[0m
[ 50%] [32mBuilding CXX object CMakeFiles/kinova_example.dir/leader.cpp.o[0m
[ 75%] [32mBuilding CXX object CMakeFiles/kinova_example.dir/api_setup.cpp.o[0m
[100%] [32m[1mLinking CXX executable kinova_example[0m
[100%] Built target kinova_example
-- Install configuration: ""
-- Execute custom install script
-- Symlinking: /home/Shared/delicious/ada/workspace/src/ada_ros2/install/KinovaExample/lib/KinovaExample/kinova_example
-- Symlinking: /home/Shared/delicious/ada/workspace/src/ada_ros2/install/KinovaExample/share/ament_index/resource_index/package_run_dependencies/KinovaExample
-- Symlinking: /home/Shared/delicious/ada/workspace/src/ada_ros2/install/KinovaExample/share/ament_index/resource_index/parent_prefix_path/KinovaExample
-- Symlinking: /home/Shared/delicious/ada/workspace/src/ada_ros2/install/KinovaExample/share/KinovaExample/environment/ament_prefix_path.sh
-- Symlinking: /home/Shared/delicious/ada/workspace/src/ada_ros2/install/KinovaExample/share/KinovaExample/environment/ament_prefix_path.dsv
-- Symlinking: /home/Shared/delicious/ada/workspace/src/ada_ros2/install/KinovaExample/share/KinovaExample/environment/path.sh
-- Symlinking: /home/Shared/delicious/ada/workspace/src/ada_ros2/install/KinovaExample/share/KinovaExample/environment/path.dsv
-- Symlinking: /home/Shared/delicious/ada/workspace/src/ada_ros2/install/KinovaExample/share/KinovaExample/local_setup.bash
-- Symlinking: /home/Shared/delicious/ada/workspace/src/ada_ros2/install/KinovaExample/share/KinovaExample/local_setup.sh
-- Symlinking: /home/Shared/delicious/ada/workspace/src/ada_ros2/install/KinovaExample/share/KinovaExample/local_setup.zsh
-- Symlinking: /home/Shared/delicious/ada/workspace/src/ada_ros2/install/KinovaExample/share/KinovaExample/local_setup.dsv
-- Symlinking: /home/Shared/delicious/ada/workspace/src/ada_ros2/install/KinovaExample/share/KinovaExample/package.dsv
-- Symlinking: /home/Shared/delicious/ada/workspace/src/ada_ros2/install/KinovaExample/share/ament_index/resource_index/packages/KinovaExample
-- Symlinking: /home/Shared/delicious/ada/workspace/src/ada_ros2/install/KinovaExample/share/KinovaExample/cmake/KinovaExampleConfig.cmake
-- Symlinking: /home/Shared/delicious/ada/workspace/src/ada_ros2/install/KinovaExample/share/KinovaExample/cmake/KinovaExampleConfig-version.cmake
-- Symlinking: /home/Shared/delicious/ada/workspace/src/ada_ros2/install/KinovaExample/share/KinovaExample/package.xml
