[0.034s] Invoking command in '/home/Shared/delicious/ada/workspace/src/ada_ros2/build/KinovaExample': CMAKE_PREFIX_PATH=${CMAKE_PREFIX_PATH}:/home/Shared/delicious/ada/workspace/install/urdfdom_py:/home/Shared/delicious/ada/workspace/src/ada_ros2/install/urdfdom_py:/home/Shared/delicious/ada/workspace/src/ada_ros2/install/ada_watchdog_listener:/home/Shared/delicious/ada/workspace/src/ada_ros2/install/ada_imu:/home/Shared/delicious/ada/workspace/src/ada_ros2/install/ada_calibrate_camera:/home/Shared/delicious/ada/workspace/install/ada_calibrate_camera:/home/Shared/delicious/ada/workspace/install/py_trees_ros:/home/Shared/delicious/ada/workspace/install/feeding_web_app_ros2_test:/home/Shared/delicious/ada/workspace/install/ada_watchdog_listener:/home/Shared/delicious/ada/workspace/install/ada_planning_scene:/home/Shared/delicious/ada/workspace/install/ada_imu:/home/Shared/delicious/ada/workspace/install/ada_feeding_perception:/home/Shared/delicious/ada/workspace/install/ada_feeding_action_select:/home/Shared/delicious/KinovaKortex/ros2_kortex_ws/install/rqt_joint_trajectory_controller:/home/Shared/delicious/KinovaKortex/ros2_kortex_ws/install/rqt_controller_manager:/home/Shared/delicious/KinovaKortex/ros2_kortex_ws/install/ros2controlcli:/home/Shared/delicious/KinovaKortex/ros2_kortex_ws/install/ros2_controllers_test_nodes:/opt/ros/humble /usr/bin/cmake /home/Shared/delicious/ada/workspace/src/ada_ros2/api_cpp/gen3_6DoF_leader_follower_example -DAMENT_CMAKE_SYMLINK_INSTALL=1 -DCMAKE_INSTALL_PREFIX=/home/Shared/delicious/ada/workspace/src/ada_ros2/install/KinovaExample
[0.545s] -- The C compiler identification is GNU 11.4.0
[0.545s] -- The CXX compiler identification is GNU 11.4.0
[0.545s] -- Detecting C compiler ABI info
[0.545s] -- Detecting C compiler ABI info - done
[0.545s] -- Check for working C compiler: /usr/bin/cc - skipped
[0.545s] -- Detecting C compile features
[0.545s] -- Detecting C compile features - done
[0.545s] -- Detecting CXX compiler ABI info
[0.545s] -- Detecting CXX compiler ABI info - done
[0.545s] -- Check for working CXX compiler: /usr/bin/c++ - skipped
[0.545s] -- Detecting CXX compile features
[0.545s] -- Detecting CXX compile features - done
[0.545s] -- Found ament_cmake: 1.3.12 (/opt/ros/humble/share/ament_cmake/cmake)
[0.545s] -- Found Python3: /usr/bin/python3 (found version "3.10.12") found components: Interpreter 
[0.546s] -- Override CMake install command with custom implementation using symlinks instead of copying resources
[0.604s] -- Found rclcpp: 16.0.15 (/opt/ros/humble/share/rclcpp/cmake)
[0.689s] -- Found rosidl_generator_c: 3.1.7 (/opt/ros/humble/share/rosidl_generator_c/cmake)
[0.703s] -- Found rosidl_adapter: 3.1.7 (/opt/ros/humble/share/rosidl_adapter/cmake)
[0.718s] -- Found rosidl_generator_cpp: 3.1.7 (/opt/ros/humble/share/rosidl_generator_cpp/cmake)
[0.739s] -- Using all available rosidl_typesupport_c: rosidl_typesupport_fastrtps_c;rosidl_typesupport_introspection_c
[0.767s] -- Using all available rosidl_typesupport_cpp: rosidl_typesupport_fastrtps_cpp;rosidl_typesupport_introspection_cpp
[0.851s] -- Found rmw_implementation_cmake: 6.1.2 (/opt/ros/humble/share/rmw_implementation_cmake/cmake)
[0.861s] -- Found rmw_cyclonedds_cpp: 1.3.4 (/opt/ros/humble/share/rmw_cyclonedds_cpp/cmake)
[0.909s] -- Using RMW implementation 'rmw_cyclonedds_cpp' as default
[0.931s] -- Looking for pthread.h
[1.000s] -- Looking for pthread.h - found
[1.000s] -- Performing Test CMAKE_HAVE_LIBC_PTHREAD
[1.079s] -- Performing Test CMAKE_HAVE_LIBC_PTHREAD - Success
[1.080s] -- Found Threads: TRUE  
[1.178s] WARNING: Package name "KinovaExample" does not follow the naming conventions. It should start with a lower case letter and only contain lower case letters, digits, underscores, and dashes.
[1.185s] -- Configuring done
[1.190s] -- Generating done
[1.192s] -- Build files have been written to: /home/Shared/delicious/ada/workspace/src/ada_ros2/build/KinovaExample
[1.196s] Invoked command in '/home/Shared/delicious/ada/workspace/src/ada_ros2/build/KinovaExample' returned '0': CMAKE_PREFIX_PATH=${CMAKE_PREFIX_PATH}:/home/Shared/delicious/ada/workspace/install/urdfdom_py:/home/Shared/delicious/ada/workspace/src/ada_ros2/install/urdfdom_py:/home/Shared/delicious/ada/workspace/src/ada_ros2/install/ada_watchdog_listener:/home/Shared/delicious/ada/workspace/src/ada_ros2/install/ada_imu:/home/Shared/delicious/ada/workspace/src/ada_ros2/install/ada_calibrate_camera:/home/Shared/delicious/ada/workspace/install/ada_calibrate_camera:/home/Shared/delicious/ada/workspace/install/py_trees_ros:/home/Shared/delicious/ada/workspace/install/feeding_web_app_ros2_test:/home/Shared/delicious/ada/workspace/install/ada_watchdog_listener:/home/Shared/delicious/ada/workspace/install/ada_planning_scene:/home/Shared/delicious/ada/workspace/install/ada_imu:/home/Shared/delicious/ada/workspace/install/ada_feeding_perception:/home/Shared/delicious/ada/workspace/install/ada_feeding_action_select:/home/Shared/delicious/KinovaKortex/ros2_kortex_ws/install/rqt_joint_trajectory_controller:/home/Shared/delicious/KinovaKortex/ros2_kortex_ws/install/rqt_controller_manager:/home/Shared/delicious/KinovaKortex/ros2_kortex_ws/install/ros2controlcli:/home/Shared/delicious/KinovaKortex/ros2_kortex_ws/install/ros2_controllers_test_nodes:/opt/ros/humble /usr/bin/cmake /home/Shared/delicious/ada/workspace/src/ada_ros2/api_cpp/gen3_6DoF_leader_follower_example -DAMENT_CMAKE_SYMLINK_INSTALL=1 -DCMAKE_INSTALL_PREFIX=/home/Shared/delicious/ada/workspace/src/ada_ros2/install/KinovaExample
[1.197s] Invoking command in '/home/Shared/delicious/ada/workspace/src/ada_ros2/build/KinovaExample': CMAKE_PREFIX_PATH=${CMAKE_PREFIX_PATH}:/home/Shared/delicious/ada/workspace/install/urdfdom_py:/home/Shared/delicious/ada/workspace/src/ada_ros2/install/urdfdom_py:/home/Shared/delicious/ada/workspace/src/ada_ros2/install/ada_watchdog_listener:/home/Shared/delicious/ada/workspace/src/ada_ros2/install/ada_imu:/home/Shared/delicious/ada/workspace/src/ada_ros2/install/ada_calibrate_camera:/home/Shared/delicious/ada/workspace/install/ada_calibrate_camera:/home/Shared/delicious/ada/workspace/install/py_trees_ros:/home/Shared/delicious/ada/workspace/install/feeding_web_app_ros2_test:/home/Shared/delicious/ada/workspace/install/ada_watchdog_listener:/home/Shared/delicious/ada/workspace/install/ada_planning_scene:/home/Shared/delicious/ada/workspace/install/ada_imu:/home/Shared/delicious/ada/workspace/install/ada_feeding_perception:/home/Shared/delicious/ada/workspace/install/ada_feeding_action_select:/home/Shared/delicious/KinovaKortex/ros2_kortex_ws/install/rqt_joint_trajectory_controller:/home/Shared/delicious/KinovaKortex/ros2_kortex_ws/install/rqt_controller_manager:/home/Shared/delicious/KinovaKortex/ros2_kortex_ws/install/ros2controlcli:/home/Shared/delicious/KinovaKortex/ros2_kortex_ws/install/ros2_controllers_test_nodes:/opt/ros/humble /usr/bin/cmake --build /home/Shared/delicious/ada/workspace/src/ada_ros2/build/KinovaExample -- -j28 -l28
[1.266s] [ 50%] [32mBuilding CXX object CMakeFiles/kinova_example.dir/arm_core_functions.cpp.o[0m
[1.266s] [ 50%] [32mBuilding CXX object CMakeFiles/kinova_example.dir/leader.cpp.o[0m
[1.269s] [ 75%] [32mBuilding CXX object CMakeFiles/kinova_example.dir/api_setup.cpp.o[0m
[2.044s] [100%] [32m[1mLinking CXX executable kinova_example[0m
[2.341s] [100%] Built target kinova_example
[2.389s] Invoked command in '/home/Shared/delicious/ada/workspace/src/ada_ros2/build/KinovaExample' returned '0': CMAKE_PREFIX_PATH=${CMAKE_PREFIX_PATH}:/home/Shared/delicious/ada/workspace/install/urdfdom_py:/home/Shared/delicious/ada/workspace/src/ada_ros2/install/urdfdom_py:/home/Shared/delicious/ada/workspace/src/ada_ros2/install/ada_watchdog_listener:/home/Shared/delicious/ada/workspace/src/ada_ros2/install/ada_imu:/home/Shared/delicious/ada/workspace/src/ada_ros2/install/ada_calibrate_camera:/home/Shared/delicious/ada/workspace/install/ada_calibrate_camera:/home/Shared/delicious/ada/workspace/install/py_trees_ros:/home/Shared/delicious/ada/workspace/install/feeding_web_app_ros2_test:/home/Shared/delicious/ada/workspace/install/ada_watchdog_listener:/home/Shared/delicious/ada/workspace/install/ada_planning_scene:/home/Shared/delicious/ada/workspace/install/ada_imu:/home/Shared/delicious/ada/workspace/install/ada_feeding_perception:/home/Shared/delicious/ada/workspace/install/ada_feeding_action_select:/home/Shared/delicious/KinovaKortex/ros2_kortex_ws/install/rqt_joint_trajectory_controller:/home/Shared/delicious/KinovaKortex/ros2_kortex_ws/install/rqt_controller_manager:/home/Shared/delicious/KinovaKortex/ros2_kortex_ws/install/ros2controlcli:/home/Shared/delicious/KinovaKortex/ros2_kortex_ws/install/ros2_controllers_test_nodes:/opt/ros/humble /usr/bin/cmake --build /home/Shared/delicious/ada/workspace/src/ada_ros2/build/KinovaExample -- -j28 -l28
[2.390s] Invoking command in '/home/Shared/delicious/ada/workspace/src/ada_ros2/build/KinovaExample': CMAKE_PREFIX_PATH=${CMAKE_PREFIX_PATH}:/home/Shared/delicious/ada/workspace/install/urdfdom_py:/home/Shared/delicious/ada/workspace/src/ada_ros2/install/urdfdom_py:/home/Shared/delicious/ada/workspace/src/ada_ros2/install/ada_watchdog_listener:/home/Shared/delicious/ada/workspace/src/ada_ros2/install/ada_imu:/home/Shared/delicious/ada/workspace/src/ada_ros2/install/ada_calibrate_camera:/home/Shared/delicious/ada/workspace/install/ada_calibrate_camera:/home/Shared/delicious/ada/workspace/install/py_trees_ros:/home/Shared/delicious/ada/workspace/install/feeding_web_app_ros2_test:/home/Shared/delicious/ada/workspace/install/ada_watchdog_listener:/home/Shared/delicious/ada/workspace/install/ada_planning_scene:/home/Shared/delicious/ada/workspace/install/ada_imu:/home/Shared/delicious/ada/workspace/install/ada_feeding_perception:/home/Shared/delicious/ada/workspace/install/ada_feeding_action_select:/home/Shared/delicious/KinovaKortex/ros2_kortex_ws/install/rqt_joint_trajectory_controller:/home/Shared/delicious/KinovaKortex/ros2_kortex_ws/install/rqt_controller_manager:/home/Shared/delicious/KinovaKortex/ros2_kortex_ws/install/ros2controlcli:/home/Shared/delicious/KinovaKortex/ros2_kortex_ws/install/ros2_controllers_test_nodes:/opt/ros/humble /usr/bin/cmake --install /home/Shared/delicious/ada/workspace/src/ada_ros2/build/KinovaExample
[2.414s] -- Install configuration: ""
[2.415s] -- Execute custom install script
[2.417s] -- Symlinking: /home/Shared/delicious/ada/workspace/src/ada_ros2/install/KinovaExample/lib/KinovaExample/kinova_example
[2.432s] -- Symlinking: /home/Shared/delicious/ada/workspace/src/ada_ros2/install/KinovaExample/share/ament_index/resource_index/package_run_dependencies/KinovaExample
[2.448s] -- Symlinking: /home/Shared/delicious/ada/workspace/src/ada_ros2/install/KinovaExample/share/ament_index/resource_index/parent_prefix_path/KinovaExample
[2.464s] -- Symlinking: /home/Shared/delicious/ada/workspace/src/ada_ros2/install/KinovaExample/share/KinovaExample/environment/ament_prefix_path.sh
[2.483s] -- Symlinking: /home/Shared/delicious/ada/workspace/src/ada_ros2/install/KinovaExample/share/KinovaExample/environment/ament_prefix_path.dsv
[2.499s] -- Symlinking: /home/Shared/delicious/ada/workspace/src/ada_ros2/install/KinovaExample/share/KinovaExample/environment/path.sh
[2.532s] -- Symlinking: /home/Shared/delicious/ada/workspace/src/ada_ros2/install/KinovaExample/share/KinovaExample/environment/path.dsv
[2.555s] -- Symlinking: /home/Shared/delicious/ada/workspace/src/ada_ros2/install/KinovaExample/share/KinovaExample/local_setup.bash
[2.588s] -- Symlinking: /home/Shared/delicious/ada/workspace/src/ada_ros2/install/KinovaExample/share/KinovaExample/local_setup.sh
[2.616s] -- Symlinking: /home/Shared/delicious/ada/workspace/src/ada_ros2/install/KinovaExample/share/KinovaExample/local_setup.zsh
[2.631s] -- Symlinking: /home/Shared/delicious/ada/workspace/src/ada_ros2/install/KinovaExample/share/KinovaExample/local_setup.dsv
[2.648s] -- Symlinking: /home/Shared/delicious/ada/workspace/src/ada_ros2/install/KinovaExample/share/KinovaExample/package.dsv
[2.662s] -- Symlinking: /home/Shared/delicious/ada/workspace/src/ada_ros2/install/KinovaExample/share/ament_index/resource_index/packages/KinovaExample
[2.677s] -- Symlinking: /home/Shared/delicious/ada/workspace/src/ada_ros2/install/KinovaExample/share/KinovaExample/cmake/KinovaExampleConfig.cmake
[2.693s] -- Symlinking: /home/Shared/delicious/ada/workspace/src/ada_ros2/install/KinovaExample/share/KinovaExample/cmake/KinovaExampleConfig-version.cmake
[2.708s] -- Symlinking: /home/Shared/delicious/ada/workspace/src/ada_ros2/install/KinovaExample/share/KinovaExample/package.xml
[2.732s] Invoked command in '/home/Shared/delicious/ada/workspace/src/ada_ros2/build/KinovaExample' returned '0': CMAKE_PREFIX_PATH=${CMAKE_PREFIX_PATH}:/home/Shared/delicious/ada/workspace/install/urdfdom_py:/home/Shared/delicious/ada/workspace/src/ada_ros2/install/urdfdom_py:/home/Shared/delicious/ada/workspace/src/ada_ros2/install/ada_watchdog_listener:/home/Shared/delicious/ada/workspace/src/ada_ros2/install/ada_imu:/home/Shared/delicious/ada/workspace/src/ada_ros2/install/ada_calibrate_camera:/home/Shared/delicious/ada/workspace/install/ada_calibrate_camera:/home/Shared/delicious/ada/workspace/install/py_trees_ros:/home/Shared/delicious/ada/workspace/install/feeding_web_app_ros2_test:/home/Shared/delicious/ada/workspace/install/ada_watchdog_listener:/home/Shared/delicious/ada/workspace/install/ada_planning_scene:/home/Shared/delicious/ada/workspace/install/ada_imu:/home/Shared/delicious/ada/workspace/install/ada_feeding_perception:/home/Shared/delicious/ada/workspace/install/ada_feeding_action_select:/home/Shared/delicious/KinovaKortex/ros2_kortex_ws/install/rqt_joint_trajectory_controller:/home/Shared/delicious/KinovaKortex/ros2_kortex_ws/install/rqt_controller_manager:/home/Shared/delicious/KinovaKortex/ros2_kortex_ws/install/ros2controlcli:/home/Shared/delicious/KinovaKortex/ros2_kortex_ws/install/ros2_controllers_test_nodes:/opt/ros/humble /usr/bin/cmake --install /home/Shared/delicious/ada/workspace/src/ada_ros2/build/KinovaExample
