-- The C compiler identification is GNU 11.4.0
-- The CXX compiler identification is GNU 11.4.0
-- Detecting C compiler ABI info
-- Detecting C compiler ABI info - done
-- Check for working C compiler: /usr/bin/cc - skipped
-- Detecting C compile features
-- Detecting C compile features - done
-- Detecting CXX compiler ABI info
-- Detecting CXX compiler ABI info - done
-- Check for working CXX compiler: /usr/bin/c++ - skipped
-- Detecting CXX compile features
-- Detecting CXX compile features - done
-- Found ament_cmake: 1.3.12 (/opt/ros/humble/share/ament_cmake/cmake)
-- Found Python3: /usr/bin/python3 (found version "3.10.12") found components: Interpreter 
-- Override CMake install command with custom implementation using symlinks instead of copying resources
-- Configuring done
-- Generating done
-- Build files have been written to: /home/Shared/delicious/ada/workspace/src/ada_ros2/build/ada_moveit
Built target ament_cmake_python_symlink_ada_moveit
running egg_info
creating ada_moveit.egg-info
writing ada_moveit.egg-info/PKG-INFO
writing dependency_links to ada_moveit.egg-info/dependency_links.txt
writing top-level names to ada_moveit.egg-info/top_level.txt
writing manifest file 'ada_moveit.egg-info/SOURCES.txt'
reading manifest file 'ada_moveit.egg-info/SOURCES.txt'
writing manifest file 'ada_moveit.egg-info/SOURCES.txt'
Built target ament_cmake_python_build_ada_moveit_egg
-- Install configuration: ""
-- Execute custom install script
-- Symlinking: /home/Shared/delicious/ada/workspace/src/ada_ros2/install/ada_moveit/share/ada_moveit/environment/pythonpath.sh
-- Symlinking: /home/Shared/delicious/ada/workspace/src/ada_ros2/install/ada_moveit/share/ada_moveit/environment/pythonpath.dsv
-- Symlinking: /home/Shared/delicious/ada/workspace/src/ada_ros2/install/ada_moveit/local/lib/python3.10/dist-packages/ada_moveit-0.3.0-py3.10.egg-info/PKG-INFO
-- Symlinking: /home/Shared/delicious/ada/workspace/src/ada_ros2/install/ada_moveit/local/lib/python3.10/dist-packages/ada_moveit-0.3.0-py3.10.egg-info/SOURCES.txt
-- Symlinking: /home/Shared/delicious/ada/workspace/src/ada_ros2/install/ada_moveit/local/lib/python3.10/dist-packages/ada_moveit-0.3.0-py3.10.egg-info/dependency_links.txt
-- Symlinking: /home/Shared/delicious/ada/workspace/src/ada_ros2/install/ada_moveit/local/lib/python3.10/dist-packages/ada_moveit-0.3.0-py3.10.egg-info/top_level.txt
-- Symlinking: /home/Shared/delicious/ada/workspace/src/ada_ros2/install/ada_moveit/local/lib/python3.10/dist-packages/ada_moveit/__init__.py
-- Symlinking: /home/Shared/delicious/ada/workspace/src/ada_ros2/install/ada_moveit/lib/ada_moveit/ada_keyboard_teleop.py
-- Symlinking: /home/Shared/delicious/ada/workspace/src/ada_ros2/install/ada_moveit/lib/ada_moveit/servo_republisher.py
-- Symlinking: /home/Shared/delicious/ada/workspace/src/ada_ros2/install/ada_moveit/share/ada_moveit/launch/demo.launch.py
-- Symlinking: /home/Shared/delicious/ada/workspace/src/ada_ros2/install/ada_moveit/share/ada_moveit/launch/demo_feeding.launch.py
-- Symlinking: /home/Shared/delicious/ada/workspace/src/ada_ros2/install/ada_moveit/share/ada_moveit/launch/move_group.launch.py
-- Symlinking: /home/Shared/delicious/ada/workspace/src/ada_ros2/install/ada_moveit/share/ada_moveit/launch/moveit_rviz.launch.py
-- Symlinking: /home/Shared/delicious/ada/workspace/src/ada_ros2/install/ada_moveit/share/ada_moveit/launch/rsp.launch.py
-- Symlinking: /home/Shared/delicious/ada/workspace/src/ada_ros2/install/ada_moveit/share/ada_moveit/launch/setup_assistant.launch.py
-- Symlinking: /home/Shared/delicious/ada/workspace/src/ada_ros2/install/ada_moveit/share/ada_moveit/launch/spawn_controllers.launch.py
-- Symlinking: /home/Shared/delicious/ada/workspace/src/ada_ros2/install/ada_moveit/share/ada_moveit/launch/static_virtual_joint_tfs.launch.py
-- Symlinking: /home/Shared/delicious/ada/workspace/src/ada_ros2/install/ada_moveit/share/ada_moveit/launch/warehouse_db.launch.py
-- Symlinking: /home/Shared/delicious/ada/workspace/src/ada_ros2/install/ada_moveit/share/ada_moveit/config/ada.ros2_control.xacro
-- Symlinking: /home/Shared/delicious/ada/workspace/src/ada_ros2/install/ada_moveit/share/ada_moveit/config/ada.urdf.xacro
-- Symlinking: /home/Shared/delicious/ada/workspace/src/ada_ros2/install/ada_moveit/share/ada_moveit/config/initial_positions.yaml
-- Symlinking: /home/Shared/delicious/ada/workspace/src/ada_ros2/install/ada_moveit/share/ada_moveit/config/isaac_controllers.yaml
-- Symlinking: /home/Shared/delicious/ada/workspace/src/ada_ros2/install/ada_moveit/share/ada_moveit/config/jaco2/ada.jaco2.txt
-- Symlinking: /home/Shared/delicious/ada/workspace/src/ada_ros2/install/ada_moveit/share/ada_moveit/config/jaco2/ada.ros2_control.jaco2.txt
-- Symlinking: /home/Shared/delicious/ada/workspace/src/ada_ros2/install/ada_moveit/share/ada_moveit/config/jaco2/ada.srdf
-- Symlinking: /home/Shared/delicious/ada/workspace/src/ada_ros2/install/ada_moveit/share/ada_moveit/config/jaco2/initial_positions.jaco.txt
-- Symlinking: /home/Shared/delicious/ada/workspace/src/ada_ros2/install/ada_moveit/share/ada_moveit/config/jaco2/joint_limits.jaco2.txt
-- Symlinking: /home/Shared/delicious/ada/workspace/src/ada_ros2/install/ada_moveit/share/ada_moveit/config/jaco2/kinematics.jaco2.txt
-- Symlinking: /home/Shared/delicious/ada/workspace/src/ada_ros2/install/ada_moveit/share/ada_moveit/config/jaco2/moveit_controllers.jaco2.txt
-- Symlinking: /home/Shared/delicious/ada/workspace/src/ada_ros2/install/ada_moveit/share/ada_moveit/config/jaco2/ompl_planning.jaco2.txt
-- Symlinking: /home/Shared/delicious/ada/workspace/src/ada_ros2/install/ada_moveit/share/ada_moveit/config/jaco2/real_controllers.jaco2.txt
-- Symlinking: /home/Shared/delicious/ada/workspace/src/ada_ros2/install/ada_moveit/share/ada_moveit/config/joint_limits.yaml
-- Symlinking: /home/Shared/delicious/ada/workspace/src/ada_ros2/install/ada_moveit/share/ada_moveit/config/kinematics.yaml
-- Symlinking: /home/Shared/delicious/ada/workspace/src/ada_ros2/install/ada_moveit/share/ada_moveit/config/mock_controllers.yaml
-- Symlinking: /home/Shared/delicious/ada/workspace/src/ada_ros2/install/ada_moveit/share/ada_moveit/config/mock_servo.yaml
-- Symlinking: /home/Shared/delicious/ada/workspace/src/ada_ros2/install/ada_moveit/share/ada_moveit/config/moveit.rviz
-- Symlinking: /home/Shared/delicious/ada/workspace/src/ada_ros2/install/ada_moveit/share/ada_moveit/config/moveit_controllers.yaml
-- Symlinking: /home/Shared/delicious/ada/workspace/src/ada_ros2/install/ada_moveit/share/ada_moveit/config/ompl_planning.yaml
-- Symlinking: /home/Shared/delicious/ada/workspace/src/ada_ros2/install/ada_moveit/share/ada_moveit/config/pilz_cartesian_limits.yaml
-- Symlinking: /home/Shared/delicious/ada/workspace/src/ada_ros2/install/ada_moveit/share/ada_moveit/config/real_controllers.yaml
-- Symlinking: /home/Shared/delicious/ada/workspace/src/ada_ros2/install/ada_moveit/share/ada_moveit/config/real_servo.yaml
-- Symlinking: /home/Shared/delicious/ada/workspace/src/ada_ros2/install/ada_moveit/share/ada_moveit/config/sensors_3d.yaml
-- Symlinking: /home/Shared/delicious/ada/workspace/src/ada_ros2/install/ada_moveit/share/ada_moveit/.setup_assistant
-- Symlinking: /home/Shared/delicious/ada/workspace/src/ada_ros2/install/ada_moveit/share/ament_index/resource_index/package_run_dependencies/ada_moveit
-- Symlinking: /home/Shared/delicious/ada/workspace/src/ada_ros2/install/ada_moveit/share/ament_index/resource_index/parent_prefix_path/ada_moveit
-- Symlinking: /home/Shared/delicious/ada/workspace/src/ada_ros2/install/ada_moveit/share/ada_moveit/environment/ament_prefix_path.sh
-- Symlinking: /home/Shared/delicious/ada/workspace/src/ada_ros2/install/ada_moveit/share/ada_moveit/environment/ament_prefix_path.dsv
-- Symlinking: /home/Shared/delicious/ada/workspace/src/ada_ros2/install/ada_moveit/share/ada_moveit/environment/path.sh
-- Symlinking: /home/Shared/delicious/ada/workspace/src/ada_ros2/install/ada_moveit/share/ada_moveit/environment/path.dsv
-- Symlinking: /home/Shared/delicious/ada/workspace/src/ada_ros2/install/ada_moveit/share/ada_moveit/local_setup.bash
-- Symlinking: /home/Shared/delicious/ada/workspace/src/ada_ros2/install/ada_moveit/share/ada_moveit/local_setup.sh
-- Symlinking: /home/Shared/delicious/ada/workspace/src/ada_ros2/install/ada_moveit/share/ada_moveit/local_setup.zsh
-- Symlinking: /home/Shared/delicious/ada/workspace/src/ada_ros2/install/ada_moveit/share/ada_moveit/local_setup.dsv
-- Symlinking: /home/Shared/delicious/ada/workspace/src/ada_ros2/install/ada_moveit/share/ada_moveit/package.dsv
-- Symlinking: /home/Shared/delicious/ada/workspace/src/ada_ros2/install/ada_moveit/share/ament_index/resource_index/packages/ada_moveit
-- Symlinking: /home/Shared/delicious/ada/workspace/src/ada_ros2/install/ada_moveit/share/ada_moveit/cmake/ada_moveitConfig.cmake
-- Symlinking: /home/Shared/delicious/ada/workspace/src/ada_ros2/install/ada_moveit/share/ada_moveit/cmake/ada_moveitConfig-version.cmake
-- Symlinking: /home/Shared/delicious/ada/workspace/src/ada_ros2/install/ada_moveit/share/ada_moveit/package.xml
Listing '/home/Shared/delicious/ada/workspace/src/ada_ros2/install/ada_moveit/local/lib/python3.10/dist-packages/ada_moveit'...
Compiling '/home/Shared/delicious/ada/workspace/src/ada_ros2/install/ada_moveit/local/lib/python3.10/dist-packages/ada_moveit/__init__.py'...
