running develop
/usr/lib/python3/dist-packages/pkg_resources/__init__.py:116: PkgResourcesDeprecationWarning: 1.12.1-git20200711.33e2d80-dfsg1-0.6 is an invalid version and will not be supported in a future release
  warnings.warn(
running egg_info
creating ada_calibrate_camera.egg-info
writing ada_calibrate_camera.egg-info/PKG-INFO
writing dependency_links to ada_calibrate_camera.egg-info/dependency_links.txt
writing entry points to ada_calibrate_camera.egg-info/entry_points.txt
writing requirements to ada_calibrate_camera.egg-info/requires.txt
writing top-level names to ada_calibrate_camera.egg-info/top_level.txt
writing manifest file 'ada_calibrate_camera.egg-info/SOURCES.txt'
reading manifest file 'ada_calibrate_camera.egg-info/SOURCES.txt'
writing manifest file 'ada_calibrate_camera.egg-info/SOURCES.txt'
running build_ext
Creating /home/Shared/delicious/ada/workspace/src/ada_ros2/install/ada_calibrate_camera/lib/python3.10/site-packages/ada-calibrate-camera.egg-link (link to .)
Installing calibrate_camera script to /home/Shared/delicious/ada/workspace/src/ada_ros2/install/ada_calibrate_camera/lib/ada_calibrate_camera
Installing publish_camera_extrinsics script to /home/Shared/delicious/ada/workspace/src/ada_ros2/install/ada_calibrate_camera/lib/ada_calibrate_camera

Installed /home/Shared/delicious/ada/workspace/src/ada_ros2/build/ada_calibrate_camera
running symlink_data
creating /home/Shared/delicious/ada/workspace/src/ada_ros2/install/ada_calibrate_camera/share/ament_index
creating /home/Shared/delicious/ada/workspace/src/ada_ros2/install/ada_calibrate_camera/share/ament_index/resource_index
creating /home/Shared/delicious/ada/workspace/src/ada_ros2/install/ada_calibrate_camera/share/ament_index/resource_index/packages
symbolically linking /home/Shared/delicious/ada/workspace/src/ada_ros2/build/ada_calibrate_camera/resource/ada_calibrate_camera -> /home/Shared/delicious/ada/workspace/src/ada_ros2/install/ada_calibrate_camera/share/ament_index/resource_index/packages
symbolically linking /home/Shared/delicious/ada/workspace/src/ada_ros2/build/ada_calibrate_camera/package.xml -> /home/Shared/delicious/ada/workspace/src/ada_ros2/install/ada_calibrate_camera/share/ada_calibrate_camera
creating /home/Shared/delicious/ada/workspace/src/ada_ros2/install/ada_calibrate_camera/share/ada_calibrate_camera/launch
symbolically linking /home/Shared/delicious/ada/workspace/src/ada_ros2/build/ada_calibrate_camera/launch/publish_camera_extrinsics_launch.xml -> /home/Shared/delicious/ada/workspace/src/ada_ros2/install/ada_calibrate_camera/share/ada_calibrate_camera/launch
creating /home/Shared/delicious/ada/workspace/src/ada_ros2/install/ada_calibrate_camera/share/ada_calibrate_camera/config
symbolically linking /home/Shared/delicious/ada/workspace/src/ada_ros2/build/ada_calibrate_camera/config/calibrate_camera.yaml -> /home/Shared/delicious/ada/workspace/src/ada_ros2/install/ada_calibrate_camera/share/ada_calibrate_camera/config
creating /home/Shared/delicious/ada/workspace/src/ada_ros2/install/ada_calibrate_camera/share/ada_calibrate_camera/config/calibs
symbolically linking /home/Shared/delicious/ada/workspace/src/ada_ros2/build/ada_calibrate_camera/config/calibs/auto.yaml -> /home/Shared/delicious/ada/workspace/src/ada_ros2/install/ada_calibrate_camera/share/ada_calibrate_camera/config/calibs
symbolically linking /home/Shared/delicious/ada/workspace/src/ada_ros2/build/ada_calibrate_camera/config/calibs/manual.yaml -> /home/Shared/delicious/ada/workspace/src/ada_ros2/install/ada_calibrate_camera/share/ada_calibrate_camera/config/calibs
creating /home/Shared/delicious/ada/workspace/src/ada_ros2/install/ada_calibrate_camera/share/ada_calibrate_camera/data
creating /home/Shared/delicious/ada/workspace/src/ada_ros2/install/ada_calibrate_camera/share/ada_calibrate_camera/data/2024_10_16_17_16_32
symbolically linking /home/Shared/delicious/ada/workspace/src/ada_ros2/build/ada_calibrate_camera/data/2024_10_16_17_16_32/2_sample.npz -> /home/Shared/delicious/ada/workspace/src/ada_ros2/install/ada_calibrate_camera/share/ada_calibrate_camera/data/2024_10_16_17_16_32
symbolically linking /home/Shared/delicious/ada/workspace/src/ada_ros2/build/ada_calibrate_camera/data/2024_10_16_17_16_32/22_sample.npz -> /home/Shared/delicious/ada/workspace/src/ada_ros2/install/ada_calibrate_camera/share/ada_calibrate_camera/data/2024_10_16_17_16_32
symbolically linking /home/Shared/delicious/ada/workspace/src/ada_ros2/build/ada_calibrate_camera/data/2024_10_16_17_16_32/17_sample.npz -> /home/Shared/delicious/ada/workspace/src/ada_ros2/install/ada_calibrate_camera/share/ada_calibrate_camera/data/2024_10_16_17_16_32
symbolically linking /home/Shared/delicious/ada/workspace/src/ada_ros2/build/ada_calibrate_camera/data/2024_10_16_17_16_32/6_sample.npz -> /home/Shared/delicious/ada/workspace/src/ada_ros2/install/ada_calibrate_camera/share/ada_calibrate_camera/data/2024_10_16_17_16_32
symbolically linking /home/Shared/delicious/ada/workspace/src/ada_ros2/build/ada_calibrate_camera/data/2024_10_16_17_16_32/15_sample.npz -> /home/Shared/delicious/ada/workspace/src/ada_ros2/install/ada_calibrate_camera/share/ada_calibrate_camera/data/2024_10_16_17_16_32
symbolically linking /home/Shared/delicious/ada/workspace/src/ada_ros2/build/ada_calibrate_camera/data/2024_10_16_17_16_32/1_rgb_img.png -> /home/Shared/delicious/ada/workspace/src/ada_ros2/install/ada_calibrate_camera/share/ada_calibrate_camera/data/2024_10_16_17_16_32
symbolically linking /home/Shared/delicious/ada/workspace/src/ada_ros2/build/ada_calibrate_camera/data/2024_10_16_17_16_32/5_rgb_img.png -> /home/Shared/delicious/ada/workspace/src/ada_ros2/install/ada_calibrate_camera/share/ada_calibrate_camera/data/2024_10_16_17_16_32
symbolically linking /home/Shared/delicious/ada/workspace/src/ada_ros2/build/ada_calibrate_camera/data/2024_10_16_17_16_32/15_rgb_img.png -> /home/Shared/delicious/ada/workspace/src/ada_ros2/install/ada_calibrate_camera/share/ada_calibrate_camera/data/2024_10_16_17_16_32
symbolically linking /home/Shared/delicious/ada/workspace/src/ada_ros2/build/ada_calibrate_camera/data/2024_10_16_17_16_32/10_rgb_img.png -> /home/Shared/delicious/ada/workspace/src/ada_ros2/install/ada_calibrate_camera/share/ada_calibrate_camera/data/2024_10_16_17_16_32
symbolically linking /home/Shared/delicious/ada/workspace/src/ada_ros2/build/ada_calibrate_camera/data/2024_10_16_17_16_32/3_sample.npz -> /home/Shared/delicious/ada/workspace/src/ada_ros2/install/ada_calibrate_camera/share/ada_calibrate_camera/data/2024_10_16_17_16_32
symbolically linking /home/Shared/delicious/ada/workspace/src/ada_ros2/build/ada_calibrate_camera/data/2024_10_16_17_16_32/1_sample.npz -> /home/Shared/delicious/ada/workspace/src/ada_ros2/install/ada_calibrate_camera/share/ada_calibrate_camera/data/2024_10_16_17_16_32
symbolically linking /home/Shared/delicious/ada/workspace/src/ada_ros2/build/ada_calibrate_camera/data/2024_10_16_17_16_32/13_sample.npz -> /home/Shared/delicious/ada/workspace/src/ada_ros2/install/ada_calibrate_camera/share/ada_calibrate_camera/data/2024_10_16_17_16_32
symbolically linking /home/Shared/delicious/ada/workspace/src/ada_ros2/build/ada_calibrate_camera/data/2024_10_16_17_16_32/12_rgb_img.png -> /home/Shared/delicious/ada/workspace/src/ada_ros2/install/ada_calibrate_camera/share/ada_calibrate_camera/data/2024_10_16_17_16_32
symbolically linking /home/Shared/delicious/ada/workspace/src/ada_ros2/build/ada_calibrate_camera/data/2024_10_16_17_16_32/7_rgb_img.png -> /home/Shared/delicious/ada/workspace/src/ada_ros2/install/ada_calibrate_camera/share/ada_calibrate_camera/data/2024_10_16_17_16_32
symbolically linking /home/Shared/delicious/ada/workspace/src/ada_ros2/build/ada_calibrate_camera/data/2024_10_16_17_16_32/18_sample.npz -> /home/Shared/delicious/ada/workspace/src/ada_ros2/install/ada_calibrate_camera/share/ada_calibrate_camera/data/2024_10_16_17_16_32
symbolically linking /home/Shared/delicious/ada/workspace/src/ada_ros2/build/ada_calibrate_camera/data/2024_10_16_17_16_32/10_sample.npz -> /home/Shared/delicious/ada/workspace/src/ada_ros2/install/ada_calibrate_camera/share/ada_calibrate_camera/data/2024_10_16_17_16_32
symbolically linking /home/Shared/delicious/ada/workspace/src/ada_ros2/build/ada_calibrate_camera/data/2024_10_16_17_16_32/11_rgb_img.png -> /home/Shared/delicious/ada/workspace/src/ada_ros2/install/ada_calibrate_camera/share/ada_calibrate_camera/data/2024_10_16_17_16_32
symbolically linking /home/Shared/delicious/ada/workspace/src/ada_ros2/build/ada_calibrate_camera/data/2024_10_16_17_16_32/22_rgb_img.png -> /home/Shared/delicious/ada/workspace/src/ada_ros2/install/ada_calibrate_camera/share/ada_calibrate_camera/data/2024_10_16_17_16_32
symbolically linking /home/Shared/delicious/ada/workspace/src/ada_ros2/build/ada_calibrate_camera/data/2024_10_16_17_16_32/16_rgb_img.png -> /home/Shared/delicious/ada/workspace/src/ada_ros2/install/ada_calibrate_camera/share/ada_calibrate_camera/data/2024_10_16_17_16_32
symbolically linking /home/Shared/delicious/ada/workspace/src/ada_ros2/build/ada_calibrate_camera/data/2024_10_16_17_16_32/0_rgb_img.png -> /home/Shared/delicious/ada/workspace/src/ada_ros2/install/ada_calibrate_camera/share/ada_calibrate_camera/data/2024_10_16_17_16_32
symbolically linking /home/Shared/delicious/ada/workspace/src/ada_ros2/build/ada_calibrate_camera/data/2024_10_16_17_16_32/23_rgb_img.png -> /home/Shared/delicious/ada/workspace/src/ada_ros2/install/ada_calibrate_camera/share/ada_calibrate_camera/data/2024_10_16_17_16_32
symbolically linking /home/Shared/delicious/ada/workspace/src/ada_ros2/build/ada_calibrate_camera/data/2024_10_16_17_16_32/23_sample.npz -> /home/Shared/delicious/ada/workspace/src/ada_ros2/install/ada_calibrate_camera/share/ada_calibrate_camera/data/2024_10_16_17_16_32
symbolically linking /home/Shared/delicious/ada/workspace/src/ada_ros2/build/ada_calibrate_camera/data/2024_10_16_17_16_32/12_sample.npz -> /home/Shared/delicious/ada/workspace/src/ada_ros2/install/ada_calibrate_camera/share/ada_calibrate_camera/data/2024_10_16_17_16_32
symbolically linking /home/Shared/delicious/ada/workspace/src/ada_ros2/build/ada_calibrate_camera/data/2024_10_16_17_16_32/8_sample.npz -> /home/Shared/delicious/ada/workspace/src/ada_ros2/install/ada_calibrate_camera/share/ada_calibrate_camera/data/2024_10_16_17_16_32
symbolically linking /home/Shared/delicious/ada/workspace/src/ada_ros2/build/ada_calibrate_camera/data/2024_10_16_17_16_32/21_sample.npz -> /home/Shared/delicious/ada/workspace/src/ada_ros2/install/ada_calibrate_camera/share/ada_calibrate_camera/data/2024_10_16_17_16_32
symbolically linking /home/Shared/delicious/ada/workspace/src/ada_ros2/build/ada_calibrate_camera/data/2024_10_16_17_16_32/14_rgb_img.png -> /home/Shared/delicious/ada/workspace/src/ada_ros2/install/ada_calibrate_camera/share/ada_calibrate_camera/data/2024_10_16_17_16_32
symbolically linking /home/Shared/delicious/ada/workspace/src/ada_ros2/build/ada_calibrate_camera/data/2024_10_16_17_16_32/3_rgb_img.png -> /home/Shared/delicious/ada/workspace/src/ada_ros2/install/ada_calibrate_camera/share/ada_calibrate_camera/data/2024_10_16_17_16_32
symbolically linking /home/Shared/delicious/ada/workspace/src/ada_ros2/build/ada_calibrate_camera/data/2024_10_16_17_16_32/19_rgb_img.png -> /home/Shared/delicious/ada/workspace/src/ada_ros2/install/ada_calibrate_camera/share/ada_calibrate_camera/data/2024_10_16_17_16_32
symbolically linking /home/Shared/delicious/ada/workspace/src/ada_ros2/build/ada_calibrate_camera/data/2024_10_16_17_16_32/7_sample.npz -> /home/Shared/delicious/ada/workspace/src/ada_ros2/install/ada_calibrate_camera/share/ada_calibrate_camera/data/2024_10_16_17_16_32
symbolically linking /home/Shared/delicious/ada/workspace/src/ada_ros2/build/ada_calibrate_camera/data/2024_10_16_17_16_32/5_sample.npz -> /home/Shared/delicious/ada/workspace/src/ada_ros2/install/ada_calibrate_camera/share/ada_calibrate_camera/data/2024_10_16_17_16_32
symbolically linking /home/Shared/delicious/ada/workspace/src/ada_ros2/build/ada_calibrate_camera/data/2024_10_16_17_16_32/9_rgb_img.png -> /home/Shared/delicious/ada/workspace/src/ada_ros2/install/ada_calibrate_camera/share/ada_calibrate_camera/data/2024_10_16_17_16_32
symbolically linking /home/Shared/delicious/ada/workspace/src/ada_ros2/build/ada_calibrate_camera/data/2024_10_16_17_16_32/2_rgb_img.png -> /home/Shared/delicious/ada/workspace/src/ada_ros2/install/ada_calibrate_camera/share/ada_calibrate_camera/data/2024_10_16_17_16_32
symbolically linking /home/Shared/delicious/ada/workspace/src/ada_ros2/build/ada_calibrate_camera/data/2024_10_16_17_16_32/6_rgb_img.png -> /home/Shared/delicious/ada/workspace/src/ada_ros2/install/ada_calibrate_camera/share/ada_calibrate_camera/data/2024_10_16_17_16_32
symbolically linking /home/Shared/delicious/ada/workspace/src/ada_ros2/build/ada_calibrate_camera/data/2024_10_16_17_16_32/4_rgb_img.png -> /home/Shared/delicious/ada/workspace/src/ada_ros2/install/ada_calibrate_camera/share/ada_calibrate_camera/data/2024_10_16_17_16_32
symbolically linking /home/Shared/delicious/ada/workspace/src/ada_ros2/build/ada_calibrate_camera/data/2024_10_16_17_16_32/9_sample.npz -> /home/Shared/delicious/ada/workspace/src/ada_ros2/install/ada_calibrate_camera/share/ada_calibrate_camera/data/2024_10_16_17_16_32
symbolically linking /home/Shared/delicious/ada/workspace/src/ada_ros2/build/ada_calibrate_camera/data/2024_10_16_17_16_32/20_rgb_img.png -> /home/Shared/delicious/ada/workspace/src/ada_ros2/install/ada_calibrate_camera/share/ada_calibrate_camera/data/2024_10_16_17_16_32
symbolically linking /home/Shared/delicious/ada/workspace/src/ada_ros2/build/ada_calibrate_camera/data/2024_10_16_17_16_32/20_sample.npz -> /home/Shared/delicious/ada/workspace/src/ada_ros2/install/ada_calibrate_camera/share/ada_calibrate_camera/data/2024_10_16_17_16_32
symbolically linking /home/Shared/delicious/ada/workspace/src/ada_ros2/build/ada_calibrate_camera/data/2024_10_16_17_16_32/21_rgb_img.png -> /home/Shared/delicious/ada/workspace/src/ada_ros2/install/ada_calibrate_camera/share/ada_calibrate_camera/data/2024_10_16_17_16_32
symbolically linking /home/Shared/delicious/ada/workspace/src/ada_ros2/build/ada_calibrate_camera/data/2024_10_16_17_16_32/16_sample.npz -> /home/Shared/delicious/ada/workspace/src/ada_ros2/install/ada_calibrate_camera/share/ada_calibrate_camera/data/2024_10_16_17_16_32
symbolically linking /home/Shared/delicious/ada/workspace/src/ada_ros2/build/ada_calibrate_camera/data/2024_10_16_17_16_32/8_rgb_img.png -> /home/Shared/delicious/ada/workspace/src/ada_ros2/install/ada_calibrate_camera/share/ada_calibrate_camera/data/2024_10_16_17_16_32
symbolically linking /home/Shared/delicious/ada/workspace/src/ada_ros2/build/ada_calibrate_camera/data/2024_10_16_17_16_32/4_sample.npz -> /home/Shared/delicious/ada/workspace/src/ada_ros2/install/ada_calibrate_camera/share/ada_calibrate_camera/data/2024_10_16_17_16_32
symbolically linking /home/Shared/delicious/ada/workspace/src/ada_ros2/build/ada_calibrate_camera/data/2024_10_16_17_16_32/11_sample.npz -> /home/Shared/delicious/ada/workspace/src/ada_ros2/install/ada_calibrate_camera/share/ada_calibrate_camera/data/2024_10_16_17_16_32
symbolically linking /home/Shared/delicious/ada/workspace/src/ada_ros2/build/ada_calibrate_camera/data/2024_10_16_17_16_32/17_rgb_img.png -> /home/Shared/delicious/ada/workspace/src/ada_ros2/install/ada_calibrate_camera/share/ada_calibrate_camera/data/2024_10_16_17_16_32
symbolically linking /home/Shared/delicious/ada/workspace/src/ada_ros2/build/ada_calibrate_camera/data/2024_10_16_17_16_32/19_sample.npz -> /home/Shared/delicious/ada/workspace/src/ada_ros2/install/ada_calibrate_camera/share/ada_calibrate_camera/data/2024_10_16_17_16_32
symbolically linking /home/Shared/delicious/ada/workspace/src/ada_ros2/build/ada_calibrate_camera/data/2024_10_16_17_16_32/14_sample.npz -> /home/Shared/delicious/ada/workspace/src/ada_ros2/install/ada_calibrate_camera/share/ada_calibrate_camera/data/2024_10_16_17_16_32
symbolically linking /home/Shared/delicious/ada/workspace/src/ada_ros2/build/ada_calibrate_camera/data/2024_10_16_17_16_32/0_sample.npz -> /home/Shared/delicious/ada/workspace/src/ada_ros2/install/ada_calibrate_camera/share/ada_calibrate_camera/data/2024_10_16_17_16_32
symbolically linking /home/Shared/delicious/ada/workspace/src/ada_ros2/build/ada_calibrate_camera/data/2024_10_16_17_16_32/13_rgb_img.png -> /home/Shared/delicious/ada/workspace/src/ada_ros2/install/ada_calibrate_camera/share/ada_calibrate_camera/data/2024_10_16_17_16_32
symbolically linking /home/Shared/delicious/ada/workspace/src/ada_ros2/build/ada_calibrate_camera/data/2024_10_16_17_16_32/18_rgb_img.png -> /home/Shared/delicious/ada/workspace/src/ada_ros2/install/ada_calibrate_camera/share/ada_calibrate_camera/data/2024_10_16_17_16_32
