[0.834s] Invoking command in '/home/Shared/delicious/ada/workspace/src/ada_ros2/build/ada_calibrate_camera': PYTHONPATH=/home/Shared/delicious/ada/workspace/src/ada_ros2/build/ada_calibrate_camera/prefix_override:/usr/lib/python3/dist-packages/colcon_core/task/python/colcon_distutils_commands:/home/Shared/delicious/ada/workspace/src/ada_ros2/install/ada_calibrate_camera/lib/python3.10/site-packages:${PYTHONPATH} /usr/bin/python3 -W ignore:setup.py install is deprecated -W ignore:easy_install command is deprecated setup.py develop --editable --build-directory /home/Shared/delicious/ada/workspace/src/ada_ros2/build/ada_calibrate_camera/build --no-deps symlink_data
[1.003s] running develop
[1.040s] /usr/lib/python3/dist-packages/pkg_resources/__init__.py:116: PkgResourcesDeprecationWarning: 1.12.1-git20200711.33e2d80-dfsg1-0.6 is an invalid version and will not be supported in a future release
[1.041s]   warnings.warn(
[1.112s] running egg_info
[1.112s] creating ada_calibrate_camera.egg-info
[1.112s] writing ada_calibrate_camera.egg-info/PKG-INFO
[1.112s] writing dependency_links to ada_calibrate_camera.egg-info/dependency_links.txt
[1.112s] writing entry points to ada_calibrate_camera.egg-info/entry_points.txt
[1.112s] writing requirements to ada_calibrate_camera.egg-info/requires.txt
[1.112s] writing top-level names to ada_calibrate_camera.egg-info/top_level.txt
[1.112s] writing manifest file 'ada_calibrate_camera.egg-info/SOURCES.txt'
[1.113s] reading manifest file 'ada_calibrate_camera.egg-info/SOURCES.txt'
[1.114s] writing manifest file 'ada_calibrate_camera.egg-info/SOURCES.txt'
[1.133s] running build_ext
[1.134s] Creating /home/Shared/delicious/ada/workspace/src/ada_ros2/install/ada_calibrate_camera/lib/python3.10/site-packages/ada-calibrate-camera.egg-link (link to .)
[1.134s] Installing calibrate_camera script to /home/Shared/delicious/ada/workspace/src/ada_ros2/install/ada_calibrate_camera/lib/ada_calibrate_camera
[1.134s] Installing publish_camera_extrinsics script to /home/Shared/delicious/ada/workspace/src/ada_ros2/install/ada_calibrate_camera/lib/ada_calibrate_camera
[1.134s] 
[1.134s] Installed /home/Shared/delicious/ada/workspace/src/ada_ros2/build/ada_calibrate_camera
[1.134s] running symlink_data
[1.134s] creating /home/Shared/delicious/ada/workspace/src/ada_ros2/install/ada_calibrate_camera/share/ament_index
[1.134s] creating /home/Shared/delicious/ada/workspace/src/ada_ros2/install/ada_calibrate_camera/share/ament_index/resource_index
[1.135s] creating /home/Shared/delicious/ada/workspace/src/ada_ros2/install/ada_calibrate_camera/share/ament_index/resource_index/packages
[1.135s] symbolically linking /home/Shared/delicious/ada/workspace/src/ada_ros2/build/ada_calibrate_camera/resource/ada_calibrate_camera -> /home/Shared/delicious/ada/workspace/src/ada_ros2/install/ada_calibrate_camera/share/ament_index/resource_index/packages
[1.135s] symbolically linking /home/Shared/delicious/ada/workspace/src/ada_ros2/build/ada_calibrate_camera/package.xml -> /home/Shared/delicious/ada/workspace/src/ada_ros2/install/ada_calibrate_camera/share/ada_calibrate_camera
[1.135s] creating /home/Shared/delicious/ada/workspace/src/ada_ros2/install/ada_calibrate_camera/share/ada_calibrate_camera/launch
[1.135s] symbolically linking /home/Shared/delicious/ada/workspace/src/ada_ros2/build/ada_calibrate_camera/launch/publish_camera_extrinsics_launch.xml -> /home/Shared/delicious/ada/workspace/src/ada_ros2/install/ada_calibrate_camera/share/ada_calibrate_camera/launch
[1.136s] creating /home/Shared/delicious/ada/workspace/src/ada_ros2/install/ada_calibrate_camera/share/ada_calibrate_camera/config
[1.136s] symbolically linking /home/Shared/delicious/ada/workspace/src/ada_ros2/build/ada_calibrate_camera/config/calibrate_camera.yaml -> /home/Shared/delicious/ada/workspace/src/ada_ros2/install/ada_calibrate_camera/share/ada_calibrate_camera/config
[1.136s] creating /home/Shared/delicious/ada/workspace/src/ada_ros2/install/ada_calibrate_camera/share/ada_calibrate_camera/config/calibs
[1.136s] symbolically linking /home/Shared/delicious/ada/workspace/src/ada_ros2/build/ada_calibrate_camera/config/calibs/auto.yaml -> /home/Shared/delicious/ada/workspace/src/ada_ros2/install/ada_calibrate_camera/share/ada_calibrate_camera/config/calibs
[1.136s] symbolically linking /home/Shared/delicious/ada/workspace/src/ada_ros2/build/ada_calibrate_camera/config/calibs/manual.yaml -> /home/Shared/delicious/ada/workspace/src/ada_ros2/install/ada_calibrate_camera/share/ada_calibrate_camera/config/calibs
[1.136s] creating /home/Shared/delicious/ada/workspace/src/ada_ros2/install/ada_calibrate_camera/share/ada_calibrate_camera/data
[1.136s] creating /home/Shared/delicious/ada/workspace/src/ada_ros2/install/ada_calibrate_camera/share/ada_calibrate_camera/data/2024_10_16_17_16_32
[1.136s] symbolically linking /home/Shared/delicious/ada/workspace/src/ada_ros2/build/ada_calibrate_camera/data/2024_10_16_17_16_32/2_sample.npz -> /home/Shared/delicious/ada/workspace/src/ada_ros2/install/ada_calibrate_camera/share/ada_calibrate_camera/data/2024_10_16_17_16_32
[1.136s] symbolically linking /home/Shared/delicious/ada/workspace/src/ada_ros2/build/ada_calibrate_camera/data/2024_10_16_17_16_32/22_sample.npz -> /home/Shared/delicious/ada/workspace/src/ada_ros2/install/ada_calibrate_camera/share/ada_calibrate_camera/data/2024_10_16_17_16_32
[1.136s] symbolically linking /home/Shared/delicious/ada/workspace/src/ada_ros2/build/ada_calibrate_camera/data/2024_10_16_17_16_32/17_sample.npz -> /home/Shared/delicious/ada/workspace/src/ada_ros2/install/ada_calibrate_camera/share/ada_calibrate_camera/data/2024_10_16_17_16_32
[1.137s] symbolically linking /home/Shared/delicious/ada/workspace/src/ada_ros2/build/ada_calibrate_camera/data/2024_10_16_17_16_32/6_sample.npz -> /home/Shared/delicious/ada/workspace/src/ada_ros2/install/ada_calibrate_camera/share/ada_calibrate_camera/data/2024_10_16_17_16_32
[1.137s] symbolically linking /home/Shared/delicious/ada/workspace/src/ada_ros2/build/ada_calibrate_camera/data/2024_10_16_17_16_32/15_sample.npz -> /home/Shared/delicious/ada/workspace/src/ada_ros2/install/ada_calibrate_camera/share/ada_calibrate_camera/data/2024_10_16_17_16_32
[1.137s] symbolically linking /home/Shared/delicious/ada/workspace/src/ada_ros2/build/ada_calibrate_camera/data/2024_10_16_17_16_32/1_rgb_img.png -> /home/Shared/delicious/ada/workspace/src/ada_ros2/install/ada_calibrate_camera/share/ada_calibrate_camera/data/2024_10_16_17_16_32
[1.137s] symbolically linking /home/Shared/delicious/ada/workspace/src/ada_ros2/build/ada_calibrate_camera/data/2024_10_16_17_16_32/5_rgb_img.png -> /home/Shared/delicious/ada/workspace/src/ada_ros2/install/ada_calibrate_camera/share/ada_calibrate_camera/data/2024_10_16_17_16_32
[1.137s] symbolically linking /home/Shared/delicious/ada/workspace/src/ada_ros2/build/ada_calibrate_camera/data/2024_10_16_17_16_32/15_rgb_img.png -> /home/Shared/delicious/ada/workspace/src/ada_ros2/install/ada_calibrate_camera/share/ada_calibrate_camera/data/2024_10_16_17_16_32
[1.137s] symbolically linking /home/Shared/delicious/ada/workspace/src/ada_ros2/build/ada_calibrate_camera/data/2024_10_16_17_16_32/10_rgb_img.png -> /home/Shared/delicious/ada/workspace/src/ada_ros2/install/ada_calibrate_camera/share/ada_calibrate_camera/data/2024_10_16_17_16_32
[1.137s] symbolically linking /home/Shared/delicious/ada/workspace/src/ada_ros2/build/ada_calibrate_camera/data/2024_10_16_17_16_32/3_sample.npz -> /home/Shared/delicious/ada/workspace/src/ada_ros2/install/ada_calibrate_camera/share/ada_calibrate_camera/data/2024_10_16_17_16_32
[1.137s] symbolically linking /home/Shared/delicious/ada/workspace/src/ada_ros2/build/ada_calibrate_camera/data/2024_10_16_17_16_32/1_sample.npz -> /home/Shared/delicious/ada/workspace/src/ada_ros2/install/ada_calibrate_camera/share/ada_calibrate_camera/data/2024_10_16_17_16_32
[1.138s] symbolically linking /home/Shared/delicious/ada/workspace/src/ada_ros2/build/ada_calibrate_camera/data/2024_10_16_17_16_32/13_sample.npz -> /home/Shared/delicious/ada/workspace/src/ada_ros2/install/ada_calibrate_camera/share/ada_calibrate_camera/data/2024_10_16_17_16_32
[1.138s] symbolically linking /home/Shared/delicious/ada/workspace/src/ada_ros2/build/ada_calibrate_camera/data/2024_10_16_17_16_32/12_rgb_img.png -> /home/Shared/delicious/ada/workspace/src/ada_ros2/install/ada_calibrate_camera/share/ada_calibrate_camera/data/2024_10_16_17_16_32
[1.138s] symbolically linking /home/Shared/delicious/ada/workspace/src/ada_ros2/build/ada_calibrate_camera/data/2024_10_16_17_16_32/7_rgb_img.png -> /home/Shared/delicious/ada/workspace/src/ada_ros2/install/ada_calibrate_camera/share/ada_calibrate_camera/data/2024_10_16_17_16_32
[1.138s] symbolically linking /home/Shared/delicious/ada/workspace/src/ada_ros2/build/ada_calibrate_camera/data/2024_10_16_17_16_32/18_sample.npz -> /home/Shared/delicious/ada/workspace/src/ada_ros2/install/ada_calibrate_camera/share/ada_calibrate_camera/data/2024_10_16_17_16_32
[1.139s] symbolically linking /home/Shared/delicious/ada/workspace/src/ada_ros2/build/ada_calibrate_camera/data/2024_10_16_17_16_32/10_sample.npz -> /home/Shared/delicious/ada/workspace/src/ada_ros2/install/ada_calibrate_camera/share/ada_calibrate_camera/data/2024_10_16_17_16_32
[1.139s] symbolically linking /home/Shared/delicious/ada/workspace/src/ada_ros2/build/ada_calibrate_camera/data/2024_10_16_17_16_32/11_rgb_img.png -> /home/Shared/delicious/ada/workspace/src/ada_ros2/install/ada_calibrate_camera/share/ada_calibrate_camera/data/2024_10_16_17_16_32
[1.139s] symbolically linking /home/Shared/delicious/ada/workspace/src/ada_ros2/build/ada_calibrate_camera/data/2024_10_16_17_16_32/22_rgb_img.png -> /home/Shared/delicious/ada/workspace/src/ada_ros2/install/ada_calibrate_camera/share/ada_calibrate_camera/data/2024_10_16_17_16_32
[1.139s] symbolically linking /home/Shared/delicious/ada/workspace/src/ada_ros2/build/ada_calibrate_camera/data/2024_10_16_17_16_32/16_rgb_img.png -> /home/Shared/delicious/ada/workspace/src/ada_ros2/install/ada_calibrate_camera/share/ada_calibrate_camera/data/2024_10_16_17_16_32
[1.139s] symbolically linking /home/Shared/delicious/ada/workspace/src/ada_ros2/build/ada_calibrate_camera/data/2024_10_16_17_16_32/0_rgb_img.png -> /home/Shared/delicious/ada/workspace/src/ada_ros2/install/ada_calibrate_camera/share/ada_calibrate_camera/data/2024_10_16_17_16_32
[1.139s] symbolically linking /home/Shared/delicious/ada/workspace/src/ada_ros2/build/ada_calibrate_camera/data/2024_10_16_17_16_32/23_rgb_img.png -> /home/Shared/delicious/ada/workspace/src/ada_ros2/install/ada_calibrate_camera/share/ada_calibrate_camera/data/2024_10_16_17_16_32
[1.139s] symbolically linking /home/Shared/delicious/ada/workspace/src/ada_ros2/build/ada_calibrate_camera/data/2024_10_16_17_16_32/23_sample.npz -> /home/Shared/delicious/ada/workspace/src/ada_ros2/install/ada_calibrate_camera/share/ada_calibrate_camera/data/2024_10_16_17_16_32
[1.139s] symbolically linking /home/Shared/delicious/ada/workspace/src/ada_ros2/build/ada_calibrate_camera/data/2024_10_16_17_16_32/12_sample.npz -> /home/Shared/delicious/ada/workspace/src/ada_ros2/install/ada_calibrate_camera/share/ada_calibrate_camera/data/2024_10_16_17_16_32
[1.140s] symbolically linking /home/Shared/delicious/ada/workspace/src/ada_ros2/build/ada_calibrate_camera/data/2024_10_16_17_16_32/8_sample.npz -> /home/Shared/delicious/ada/workspace/src/ada_ros2/install/ada_calibrate_camera/share/ada_calibrate_camera/data/2024_10_16_17_16_32
[1.140s] symbolically linking /home/Shared/delicious/ada/workspace/src/ada_ros2/build/ada_calibrate_camera/data/2024_10_16_17_16_32/21_sample.npz -> /home/Shared/delicious/ada/workspace/src/ada_ros2/install/ada_calibrate_camera/share/ada_calibrate_camera/data/2024_10_16_17_16_32
[1.140s] symbolically linking /home/Shared/delicious/ada/workspace/src/ada_ros2/build/ada_calibrate_camera/data/2024_10_16_17_16_32/14_rgb_img.png -> /home/Shared/delicious/ada/workspace/src/ada_ros2/install/ada_calibrate_camera/share/ada_calibrate_camera/data/2024_10_16_17_16_32
[1.140s] symbolically linking /home/Shared/delicious/ada/workspace/src/ada_ros2/build/ada_calibrate_camera/data/2024_10_16_17_16_32/3_rgb_img.png -> /home/Shared/delicious/ada/workspace/src/ada_ros2/install/ada_calibrate_camera/share/ada_calibrate_camera/data/2024_10_16_17_16_32
[1.141s] symbolically linking /home/Shared/delicious/ada/workspace/src/ada_ros2/build/ada_calibrate_camera/data/2024_10_16_17_16_32/19_rgb_img.png -> /home/Shared/delicious/ada/workspace/src/ada_ros2/install/ada_calibrate_camera/share/ada_calibrate_camera/data/2024_10_16_17_16_32
[1.141s] symbolically linking /home/Shared/delicious/ada/workspace/src/ada_ros2/build/ada_calibrate_camera/data/2024_10_16_17_16_32/7_sample.npz -> /home/Shared/delicious/ada/workspace/src/ada_ros2/install/ada_calibrate_camera/share/ada_calibrate_camera/data/2024_10_16_17_16_32
[1.141s] symbolically linking /home/Shared/delicious/ada/workspace/src/ada_ros2/build/ada_calibrate_camera/data/2024_10_16_17_16_32/5_sample.npz -> /home/Shared/delicious/ada/workspace/src/ada_ros2/install/ada_calibrate_camera/share/ada_calibrate_camera/data/2024_10_16_17_16_32
[1.141s] symbolically linking /home/Shared/delicious/ada/workspace/src/ada_ros2/build/ada_calibrate_camera/data/2024_10_16_17_16_32/9_rgb_img.png -> /home/Shared/delicious/ada/workspace/src/ada_ros2/install/ada_calibrate_camera/share/ada_calibrate_camera/data/2024_10_16_17_16_32
[1.142s] symbolically linking /home/Shared/delicious/ada/workspace/src/ada_ros2/build/ada_calibrate_camera/data/2024_10_16_17_16_32/2_rgb_img.png -> /home/Shared/delicious/ada/workspace/src/ada_ros2/install/ada_calibrate_camera/share/ada_calibrate_camera/data/2024_10_16_17_16_32
[1.142s] symbolically linking /home/Shared/delicious/ada/workspace/src/ada_ros2/build/ada_calibrate_camera/data/2024_10_16_17_16_32/6_rgb_img.png -> /home/Shared/delicious/ada/workspace/src/ada_ros2/install/ada_calibrate_camera/share/ada_calibrate_camera/data/2024_10_16_17_16_32
[1.142s] symbolically linking /home/Shared/delicious/ada/workspace/src/ada_ros2/build/ada_calibrate_camera/data/2024_10_16_17_16_32/4_rgb_img.png -> /home/Shared/delicious/ada/workspace/src/ada_ros2/install/ada_calibrate_camera/share/ada_calibrate_camera/data/2024_10_16_17_16_32
[1.142s] symbolically linking /home/Shared/delicious/ada/workspace/src/ada_ros2/build/ada_calibrate_camera/data/2024_10_16_17_16_32/9_sample.npz -> /home/Shared/delicious/ada/workspace/src/ada_ros2/install/ada_calibrate_camera/share/ada_calibrate_camera/data/2024_10_16_17_16_32
[1.142s] symbolically linking /home/Shared/delicious/ada/workspace/src/ada_ros2/build/ada_calibrate_camera/data/2024_10_16_17_16_32/20_rgb_img.png -> /home/Shared/delicious/ada/workspace/src/ada_ros2/install/ada_calibrate_camera/share/ada_calibrate_camera/data/2024_10_16_17_16_32
[1.142s] symbolically linking /home/Shared/delicious/ada/workspace/src/ada_ros2/build/ada_calibrate_camera/data/2024_10_16_17_16_32/20_sample.npz -> /home/Shared/delicious/ada/workspace/src/ada_ros2/install/ada_calibrate_camera/share/ada_calibrate_camera/data/2024_10_16_17_16_32
[1.142s] symbolically linking /home/Shared/delicious/ada/workspace/src/ada_ros2/build/ada_calibrate_camera/data/2024_10_16_17_16_32/21_rgb_img.png -> /home/Shared/delicious/ada/workspace/src/ada_ros2/install/ada_calibrate_camera/share/ada_calibrate_camera/data/2024_10_16_17_16_32
[1.143s] symbolically linking /home/Shared/delicious/ada/workspace/src/ada_ros2/build/ada_calibrate_camera/data/2024_10_16_17_16_32/16_sample.npz -> /home/Shared/delicious/ada/workspace/src/ada_ros2/install/ada_calibrate_camera/share/ada_calibrate_camera/data/2024_10_16_17_16_32
[1.143s] symbolically linking /home/Shared/delicious/ada/workspace/src/ada_ros2/build/ada_calibrate_camera/data/2024_10_16_17_16_32/8_rgb_img.png -> /home/Shared/delicious/ada/workspace/src/ada_ros2/install/ada_calibrate_camera/share/ada_calibrate_camera/data/2024_10_16_17_16_32
[1.143s] symbolically linking /home/Shared/delicious/ada/workspace/src/ada_ros2/build/ada_calibrate_camera/data/2024_10_16_17_16_32/4_sample.npz -> /home/Shared/delicious/ada/workspace/src/ada_ros2/install/ada_calibrate_camera/share/ada_calibrate_camera/data/2024_10_16_17_16_32
[1.143s] symbolically linking /home/Shared/delicious/ada/workspace/src/ada_ros2/build/ada_calibrate_camera/data/2024_10_16_17_16_32/11_sample.npz -> /home/Shared/delicious/ada/workspace/src/ada_ros2/install/ada_calibrate_camera/share/ada_calibrate_camera/data/2024_10_16_17_16_32
[1.143s] symbolically linking /home/Shared/delicious/ada/workspace/src/ada_ros2/build/ada_calibrate_camera/data/2024_10_16_17_16_32/17_rgb_img.png -> /home/Shared/delicious/ada/workspace/src/ada_ros2/install/ada_calibrate_camera/share/ada_calibrate_camera/data/2024_10_16_17_16_32
[1.143s] symbolically linking /home/Shared/delicious/ada/workspace/src/ada_ros2/build/ada_calibrate_camera/data/2024_10_16_17_16_32/19_sample.npz -> /home/Shared/delicious/ada/workspace/src/ada_ros2/install/ada_calibrate_camera/share/ada_calibrate_camera/data/2024_10_16_17_16_32
[1.143s] symbolically linking /home/Shared/delicious/ada/workspace/src/ada_ros2/build/ada_calibrate_camera/data/2024_10_16_17_16_32/14_sample.npz -> /home/Shared/delicious/ada/workspace/src/ada_ros2/install/ada_calibrate_camera/share/ada_calibrate_camera/data/2024_10_16_17_16_32
[1.143s] symbolically linking /home/Shared/delicious/ada/workspace/src/ada_ros2/build/ada_calibrate_camera/data/2024_10_16_17_16_32/0_sample.npz -> /home/Shared/delicious/ada/workspace/src/ada_ros2/install/ada_calibrate_camera/share/ada_calibrate_camera/data/2024_10_16_17_16_32
[1.143s] symbolically linking /home/Shared/delicious/ada/workspace/src/ada_ros2/build/ada_calibrate_camera/data/2024_10_16_17_16_32/13_rgb_img.png -> /home/Shared/delicious/ada/workspace/src/ada_ros2/install/ada_calibrate_camera/share/ada_calibrate_camera/data/2024_10_16_17_16_32
[1.143s] symbolically linking /home/Shared/delicious/ada/workspace/src/ada_ros2/build/ada_calibrate_camera/data/2024_10_16_17_16_32/18_rgb_img.png -> /home/Shared/delicious/ada/workspace/src/ada_ros2/install/ada_calibrate_camera/share/ada_calibrate_camera/data/2024_10_16_17_16_32
[1.152s] Invoked command in '/home/Shared/delicious/ada/workspace/src/ada_ros2/build/ada_calibrate_camera' returned '0': PYTHONPATH=/home/Shared/delicious/ada/workspace/src/ada_ros2/build/ada_calibrate_camera/prefix_override:/usr/lib/python3/dist-packages/colcon_core/task/python/colcon_distutils_commands:/home/Shared/delicious/ada/workspace/src/ada_ros2/install/ada_calibrate_camera/lib/python3.10/site-packages:${PYTHONPATH} /usr/bin/python3 -W ignore:setup.py install is deprecated -W ignore:easy_install command is deprecated setup.py develop --editable --build-directory /home/Shared/delicious/ada/workspace/src/ada_ros2/build/ada_calibrate_camera/build --no-deps symlink_data
