running develop
/usr/lib/python3/dist-packages/pkg_resources/__init__.py:116: PkgResourcesDeprecationWarning: 1.12.1-git20200711.33e2d80-dfsg1-0.6 is an invalid version and will not be supported in a future release
  warnings.warn(
running egg_info
creating ada_watchdog_listener.egg-info
writing ada_watchdog_listener.egg-info/PKG-INFO
writing dependency_links to ada_watchdog_listener.egg-info/dependency_links.txt
writing entry points to ada_watchdog_listener.egg-info/entry_points.txt
writing requirements to ada_watchdog_listener.egg-info/requires.txt
writing top-level names to ada_watchdog_listener.egg-info/top_level.txt
writing manifest file 'ada_watchdog_listener.egg-info/SOURCES.txt'
reading manifest file 'ada_watchdog_listener.egg-info/SOURCES.txt'
writing manifest file 'ada_watchdog_listener.egg-info/SOURCES.txt'
running build_ext
Creating /home/Shared/delicious/ada/workspace/src/ada_ros2/install/ada_watchdog_listener/lib/python3.10/site-packages/ada-watchdog-listener.egg-link (link to .)
Installing ada_watchdog_listener_node script to /home/Shared/delicious/ada/workspace/src/ada_ros2/install/ada_watchdog_listener/lib/ada_watchdog_listener

Installed /home/Shared/delicious/ada/workspace/src/ada_ros2/build/ada_watchdog_listener
running symlink_data
creating /home/Shared/delicious/ada/workspace/src/ada_ros2/install/ada_watchdog_listener/share/ament_index
creating /home/Shared/delicious/ada/workspace/src/ada_ros2/install/ada_watchdog_listener/share/ament_index/resource_index
creating /home/Shared/delicious/ada/workspace/src/ada_ros2/install/ada_watchdog_listener/share/ament_index/resource_index/packages
symbolically linking /home/Shared/delicious/ada/workspace/src/ada_ros2/build/ada_watchdog_listener/resource/ada_watchdog_listener -> /home/Shared/delicious/ada/workspace/src/ada_ros2/install/ada_watchdog_listener/share/ament_index/resource_index/packages
symbolically linking /home/Shared/delicious/ada/workspace/src/ada_ros2/build/ada_watchdog_listener/package.xml -> /home/Shared/delicious/ada/workspace/src/ada_ros2/install/ada_watchdog_listener/share/ada_watchdog_listener
