[0.809s] Invoking command in '/home/Shared/delicious/ada/workspace/src/ada_ros2/build/ada_watchdog_listener': PYTHONPATH=/home/Shared/delicious/ada/workspace/src/ada_ros2/build/ada_watchdog_listener/prefix_override:/usr/lib/python3/dist-packages/colcon_core/task/python/colcon_distutils_commands:/home/Shared/delicious/ada/workspace/src/ada_ros2/install/ada_watchdog_listener/lib/python3.10/site-packages:${PYTHONPATH} /usr/bin/python3 -W ignore:setup.py install is deprecated -W ignore:easy_install command is deprecated setup.py develop --editable --build-directory /home/Shared/delicious/ada/workspace/src/ada_ros2/build/ada_watchdog_listener/build --no-deps symlink_data
[0.975s] running develop
[1.012s] /usr/lib/python3/dist-packages/pkg_resources/__init__.py:116: PkgResourcesDeprecationWarning: 1.12.1-git20200711.33e2d80-dfsg1-0.6 is an invalid version and will not be supported in a future release
[1.012s]   warnings.warn(
[1.083s] running egg_info
[1.083s] creating ada_watchdog_listener.egg-info
[1.083s] writing ada_watchdog_listener.egg-info/PKG-INFO
[1.083s] writing dependency_links to ada_watchdog_listener.egg-info/dependency_links.txt
[1.083s] writing entry points to ada_watchdog_listener.egg-info/entry_points.txt
[1.083s] writing requirements to ada_watchdog_listener.egg-info/requires.txt
[1.083s] writing top-level names to ada_watchdog_listener.egg-info/top_level.txt
[1.083s] writing manifest file 'ada_watchdog_listener.egg-info/SOURCES.txt'
[1.084s] reading manifest file 'ada_watchdog_listener.egg-info/SOURCES.txt'
[1.084s] writing manifest file 'ada_watchdog_listener.egg-info/SOURCES.txt'
[1.101s] running build_ext
[1.102s] Creating /home/Shared/delicious/ada/workspace/src/ada_ros2/install/ada_watchdog_listener/lib/python3.10/site-packages/ada-watchdog-listener.egg-link (link to .)
[1.102s] Installing ada_watchdog_listener_node script to /home/Shared/delicious/ada/workspace/src/ada_ros2/install/ada_watchdog_listener/lib/ada_watchdog_listener
[1.102s] 
[1.102s] Installed /home/Shared/delicious/ada/workspace/src/ada_ros2/build/ada_watchdog_listener
[1.102s] running symlink_data
[1.102s] creating /home/Shared/delicious/ada/workspace/src/ada_ros2/install/ada_watchdog_listener/share/ament_index
[1.102s] creating /home/Shared/delicious/ada/workspace/src/ada_ros2/install/ada_watchdog_listener/share/ament_index/resource_index
[1.102s] creating /home/Shared/delicious/ada/workspace/src/ada_ros2/install/ada_watchdog_listener/share/ament_index/resource_index/packages
[1.103s] symbolically linking /home/Shared/delicious/ada/workspace/src/ada_ros2/build/ada_watchdog_listener/resource/ada_watchdog_listener -> /home/Shared/delicious/ada/workspace/src/ada_ros2/install/ada_watchdog_listener/share/ament_index/resource_index/packages
[1.103s] symbolically linking /home/Shared/delicious/ada/workspace/src/ada_ros2/build/ada_watchdog_listener/package.xml -> /home/Shared/delicious/ada/workspace/src/ada_ros2/install/ada_watchdog_listener/share/ada_watchdog_listener
[1.121s] Invoked command in '/home/Shared/delicious/ada/workspace/src/ada_ros2/build/ada_watchdog_listener' returned '0': PYTHONPATH=/home/Shared/delicious/ada/workspace/src/ada_ros2/build/ada_watchdog_listener/prefix_override:/usr/lib/python3/dist-packages/colcon_core/task/python/colcon_distutils_commands:/home/Shared/delicious/ada/workspace/src/ada_ros2/install/ada_watchdog_listener/lib/python3.10/site-packages:${PYTHONPATH} /usr/bin/python3 -W ignore:setup.py install is deprecated -W ignore:easy_install command is deprecated setup.py develop --editable --build-directory /home/Shared/delicious/ada/workspace/src/ada_ros2/build/ada_watchdog_listener/build --no-deps symlink_data
