running develop
running egg_info
creating ada_imu.egg-info
writing ada_imu.egg-info/PKG-INFO
writing dependency_links to ada_imu.egg-info/dependency_links.txt
writing entry points to ada_imu.egg-info/entry_points.txt
writing requirements to ada_imu.egg-info/requires.txt
writing top-level names to ada_imu.egg-info/top_level.txt
writing manifest file 'ada_imu.egg-info/SOURCES.txt'
reading manifest file 'ada_imu.egg-info/SOURCES.txt'
writing manifest file 'ada_imu.egg-info/SOURCES.txt'
running build_ext
Creating /home/Shared/delicious/ada/workspace/src/ada_ros2/install/ada_imu/lib/python3.10/site-packages/ada-imu.egg-link (link to .)
Installing imu_jointstate_publisher script to /home/Shared/delicious/ada/workspace/src/ada_ros2/install/ada_imu/lib/ada_imu

Installed /home/Shared/delicious/ada/workspace/src/ada_ros2/build/ada_imu
running symlink_data
creating /home/Shared/delicious/ada/workspace/src/ada_ros2/install/ada_imu/share/ament_index
creating /home/Shared/delicious/ada/workspace/src/ada_ros2/install/ada_imu/share/ament_index/resource_index
creating /home/Shared/delicious/ada/workspace/src/ada_ros2/install/ada_imu/share/ament_index/resource_index/packages
symbolically linking /home/Shared/delicious/ada/workspace/src/ada_ros2/build/ada_imu/resource/ada_imu -> /home/Shared/delicious/ada/workspace/src/ada_ros2/install/ada_imu/share/ament_index/resource_index/packages
symbolically linking /home/Shared/delicious/ada/workspace/src/ada_ros2/build/ada_imu/package.xml -> /home/Shared/delicious/ada/workspace/src/ada_ros2/install/ada_imu/share/ada_imu
creating /home/Shared/delicious/ada/workspace/src/ada_ros2/install/ada_imu/share/ada_imu/launch
symbolically linking /home/Shared/delicious/ada/workspace/src/ada_ros2/build/ada_imu/launch/ada_imu.launch.py -> /home/Shared/delicious/ada/workspace/src/ada_ros2/install/ada_imu/share/ada_imu/launch
creating /home/Shared/delicious/ada/workspace/src/ada_ros2/install/ada_imu/share/ada_imu/config
symbolically linking /home/Shared/delicious/ada/workspace/src/ada_ros2/build/ada_imu/config/imu_params.yaml -> /home/Shared/delicious/ada/workspace/src/ada_ros2/install/ada_imu/share/ada_imu/config
