[0.780s] Invoking command in '/home/Shared/delicious/ada/workspace/src/ada_ros2/build/ada_imu': PYTHONPATH=/home/Shared/delicious/ada/workspace/src/ada_ros2/build/ada_imu/prefix_override:/usr/lib/python3/dist-packages/colcon_core/task/python/colcon_distutils_commands:/home/Shared/delicious/ada/workspace/src/ada_ros2/install/ada_imu/lib/python3.10/site-packages:${PYTHONPATH} /usr/bin/python3 -W ignore:setup.py install is deprecated -W ignore:easy_install command is deprecated setup.py develop --editable --build-directory /home/Shared/delicious/ada/workspace/src/ada_ros2/build/ada_imu/build --no-deps symlink_data
[0.947s] running develop
[0.984s] /usr/lib/python3/dist-packages/pkg_resources/__init__.py:116: PkgResourcesDeprecationWarning: 1.12.1-git20200711.33e2d80-dfsg1-0.6 is an invalid version and will not be supported in a future release
[0.984s]   warnings.warn(
[1.053s] running egg_info
[1.053s] creating ada_imu.egg-info
[1.054s] writing ada_imu.egg-info/PKG-INFO
[1.054s] writing dependency_links to ada_imu.egg-info/dependency_links.txt
[1.054s] writing entry points to ada_imu.egg-info/entry_points.txt
[1.054s] writing requirements to ada_imu.egg-info/requires.txt
[1.054s] writing top-level names to ada_imu.egg-info/top_level.txt
[1.054s] writing manifest file 'ada_imu.egg-info/SOURCES.txt'
[1.055s] reading manifest file 'ada_imu.egg-info/SOURCES.txt'
[1.055s] writing manifest file 'ada_imu.egg-info/SOURCES.txt'
[1.072s] running build_ext
[1.072s] Creating /home/Shared/delicious/ada/workspace/src/ada_ros2/install/ada_imu/lib/python3.10/site-packages/ada-imu.egg-link (link to .)
[1.073s] Installing imu_jointstate_publisher script to /home/Shared/delicious/ada/workspace/src/ada_ros2/install/ada_imu/lib/ada_imu
[1.073s] 
[1.073s] Installed /home/Shared/delicious/ada/workspace/src/ada_ros2/build/ada_imu
[1.073s] running symlink_data
[1.073s] creating /home/Shared/delicious/ada/workspace/src/ada_ros2/install/ada_imu/share/ament_index
[1.073s] creating /home/Shared/delicious/ada/workspace/src/ada_ros2/install/ada_imu/share/ament_index/resource_index
[1.073s] creating /home/Shared/delicious/ada/workspace/src/ada_ros2/install/ada_imu/share/ament_index/resource_index/packages
[1.073s] symbolically linking /home/Shared/delicious/ada/workspace/src/ada_ros2/build/ada_imu/resource/ada_imu -> /home/Shared/delicious/ada/workspace/src/ada_ros2/install/ada_imu/share/ament_index/resource_index/packages
[1.073s] symbolically linking /home/Shared/delicious/ada/workspace/src/ada_ros2/build/ada_imu/package.xml -> /home/Shared/delicious/ada/workspace/src/ada_ros2/install/ada_imu/share/ada_imu
[1.073s] creating /home/Shared/delicious/ada/workspace/src/ada_ros2/install/ada_imu/share/ada_imu/launch
[1.073s] symbolically linking /home/Shared/delicious/ada/workspace/src/ada_ros2/build/ada_imu/launch/ada_imu.launch.py -> /home/Shared/delicious/ada/workspace/src/ada_ros2/install/ada_imu/share/ada_imu/launch
[1.074s] creating /home/Shared/delicious/ada/workspace/src/ada_ros2/install/ada_imu/share/ada_imu/config
[1.074s] symbolically linking /home/Shared/delicious/ada/workspace/src/ada_ros2/build/ada_imu/config/imu_params.yaml -> /home/Shared/delicious/ada/workspace/src/ada_ros2/install/ada_imu/share/ada_imu/config
[1.091s] Invoked command in '/home/Shared/delicious/ada/workspace/src/ada_ros2/build/ada_imu' returned '0': PYTHONPATH=/home/Shared/delicious/ada/workspace/src/ada_ros2/build/ada_imu/prefix_override:/usr/lib/python3/dist-packages/colcon_core/task/python/colcon_distutils_commands:/home/Shared/delicious/ada/workspace/src/ada_ros2/install/ada_imu/lib/python3.10/site-packages:${PYTHONPATH} /usr/bin/python3 -W ignore:setup.py install is deprecated -W ignore:easy_install command is deprecated setup.py develop --editable --build-directory /home/Shared/delicious/ada/workspace/src/ada_ros2/build/ada_imu/build --no-deps symlink_data
